2025-12-03 09:26:25, MOVE, v:1, k:poo@contato, mode:PICK
2025-12-03 09:26:26, EXEC, v:1, k:poo@contato, mode:FULL, rate:20
2025-12-03 09:26:28, MOVE, v:1, k:poo@contato, mode:BACK
2025-12-03 09:41:46, MOVE, v:1, k:poo@contato, mode:PICK
2025-12-03 09:41:46, EXEC, v:1, k:poo@contato, mode:FULL, rate:20, size:66
2025-12-03 09:46:02, EXEC, v:1, k:poo@contato, mode:FULL, rate:0, size:69
2025-12-03 09:46:03, EXEC, v:1, k:poo@contato, mode:FULL, rate:0
2025-12-03 09:50:10, EXEC, v:1, k:poo@contato, mode:FULL, rate:0
2025-12-03 09:50:13, MOVE, v:1, k:poo@contato, mode:BACK
2025-12-03 09:54:47, MOVE, v:1, k:poo@contato, mode:PICK
2025-12-03 09:54:48, EXEC, v:1, k:poo@contato, mode:FULL, rate:0, size:69
2025-12-03 09:54:50, MOVE, v:1, k:poo@contato, mode:BACK
2025-12-03 09:57:14, MOVE, v:1, k:poo@contato, mode:PICK
2025-12-03 09:57:15, EXEC, v:1, k:poo@contato, mode:FULL, rate:0, size:72
2025-12-03 09:57:15, EXEC, v:1, k:poo@contato, mode:FULL, rate:0, size:72
2025-12-03 09:57:18, MOVE, v:1, k:poo@contato, mode:BACK
2025-12-03 09:58:10, MOVE, v:1, k:poo@contato, mode:PICK
2025-12-03 09:58:10, EXEC, v:1, k:poo@contato, mode:FULL, rate:0, size:71
2025-12-03 09:58:33, EXEC, v:1, k:poo@contato, mode:FULL, rate:0, size:72
2025-12-03 09:58:34, MOVE, v:1, k:poo@contato, mode:BACK
2025-12-03 10:06:11, MOVE, v:1, k:poo@contato, mode:PICK
2025-12-03 10:06:12, EXEC, v:1, k:poo@contato, mode:FULL, rate:0
2025-12-03 10:06:13, MOVE, v:1, k:poo@contato, mode:BACK
2025-12-03 10:07:21, MOVE, v:1, k:poo@contato, mode:PICK
2025-12-03 10:07:21, EXEC, v:1, k:poo@contato, mode:FULL, rate:0
2025-12-03 10:07:31, MOVE, v:1, k:poo@contato, mode:BACK
2025-12-03 10:36:01, MOVE, v:1, k:poo@contato, mode:PICK
2025-12-03 10:36:02, EXEC, v:1, k:poo@contato, mode:FULL, rate:0, size:72
2025-12-03 10:36:02, EXEC, v:1, k:poo@contato, mode:FULL, rate:0, size:72
2025-12-03 10:36:06, MOVE, v:1, k:poo@contato, mode:BACK
2025-12-03 10:36:29, MOVE, v:1, k:poo@contato, mode:PICK
2025-12-03 10:36:30, EXEC, v:1, k:poo@contato, mode:FULL, rate:0, size:72
2025-12-03 10:36:33, MOVE, v:1, k:poo@contato, mode:BACK
2025-12-03 19:03:46, MOVE, v:1, k:poo@contato, mode:PICK
2025-12-03 19:03:47, EXEC, v:1, k:poo@contato, mode:FULL, rate:40, size:71
2025-12-03 19:03:53, MOVE, v:1, k:poo@contato, mode:BACK
2025-12-03 19:05:16, MOVE, v:1, k:poo@contato, mode:PICK
2025-12-03 19:05:17, EXEC, v:1, k:poo@contato, mode:FULL, rate:40
2025-12-03 19:10:33, EXEC, v:1, k:poo@contato, mode:FULL, rate:0, size:77
2025-12-03 19:10:34, EXEC, v:1, k:poo@contato, mode:FULL, rate:0
2025-12-03 19:10:35, EXEC, v:1, k:poo@contato, mode:FULL, rate:0
2025-12-03 19:10:37, MOVE, v:1, k:poo@contato, mode:BACK
2025-12-03 19:12:39, MOVE, v:1, k:poo@contato, mode:PICK
2025-12-03 19:12:40, EXEC, v:1, k:poo@contato, mode:FULL, rate:40, size:78
2025-12-03 19:14:03, EXEC, v:1, k:poo@contato, mode:FULL, rate:60, size:77
2025-12-03 19:18:38, EXEC, v:1, k:poo@contato, mode:FULL, rate:60, size:80
2025-12-03 19:22:12, EXEC, v:1, k:poo@contato, mode:FULL, rate:0, size:87
2025-12-03 19:22:13, EXEC, v:1, k:poo@contato, mode:FULL, rate:0
2025-12-03 19:22:14, MOVE, v:1, k:poo@contato, mode:BACK
2025-12-03 19:30:23, MOVE, v:1, k:poo@contato, mode:PICK
2025-12-03 19:30:24, EXEC, v:1, k:poo@contato, mode:FULL, rate:60, size:88
2025-12-03 19:30:25, MOVE, v:1, k:poo@contato, mode:BACK
2025-12-03 19:30:46, MOVE, v:1, k:poo@agenda, mode:PICK
2025-12-03 19:30:47, EXEC, v:1, k:poo@agenda, mode:FULL, rate:0, size:24
2025-12-03 19:30:48, MOVE, v:1, k:poo@agenda, mode:BACK
2025-12-03 20:09:00, MOVE, v:1, k:poo@contato, mode:PICK
2025-12-03 20:09:01, EXEC, v:1, k:poo@contato, mode:FULL, rate:60, size:90
2025-12-03 20:09:49, EXEC, v:1, k:poo@contato, mode:FULL, rate:60
2025-12-03 20:11:18, EXEC, v:1, k:poo@contato, mode:FULL, rate:60
2025-12-03 20:11:29, MOVE, v:1, k:poo@contato, mode:BACK
2025-12-03 20:11:35, MOVE, v:1, k:poo@contato, mode:PICK
2025-12-03 20:11:36, EXEC, v:1, k:poo@contato, mode:FULL, rate:80, size:90
2025-12-03 20:11:38, MOVE, v:1, k:poo@contato, mode:BACK
2025-12-03 20:11:40, MOVE, v:1, k:poo@contato, mode:PICK
2025-12-03 20:11:40, EXEC, v:1, k:poo@contato, mode:FULL, rate:80
2025-12-03 20:15:42, EXEC, v:1, k:poo@contato, mode:FULL, rate:80, size:95
2025-12-03 20:17:25, EXEC, v:1, k:poo@contato, mode:FULL, rate:100, size:98
2025-12-03 20:17:27, EXEC, v:1, k:poo@contato, mode:FULL, rate:100
2025-12-03 20:17:28, MOVE, v:1, k:poo@contato, mode:BACK
2025-12-03 20:18:24, SELF, v:1, k:poo@contato, rate:100, alone:10
2025-12-03 20:18:39, MOVE, v:1, k:poo@contato, mode:PICK
2025-12-03 20:18:39, EXEC, v:1, k:poo@contato, mode:FULL, rate:100
