2025-11-27 13:09:05, MOVE, v:1, k:poo@contato, mode:PICK
2025-11-27 13:09:05, EXEC, v:1, k:poo@contato, mode:FULL, rate:20
2025-11-27 13:09:19, MOVE, v:1, k:poo@contato, mode:BACK
2025-11-27 13:10:43, MOVE, v:1, k:poo@contato, mode:PICK
2025-11-27 13:10:44, EXEC, v:1, k:poo@contato, mode:FREE
2025-11-27 13:11:46, MOVE, v:1, k:poo@contato, mode:BACK
2025-11-27 13:11:46, MOVE, v:1, k:poo@contato, mode:PICK
2025-11-27 13:15:05, EXEC, v:1, k:poo@contato, mode:FULL, rate:20
2025-11-27 13:58:25, MOVE, v:1, k:poo@contato, mode:BACK
2025-11-27 13:58:28, MOVE, v:1, k:poo@agenda, mode:PICK
2025-11-27 13:58:29, MOVE, v:1, k:poo@agenda, mode:BACK
2025-11-27 13:58:31, MOVE, v:1, k:poo@contato, mode:PICK
2025-11-27 13:58:32, EXEC, v:1, k:poo@contato, mode:FULL, rate:20, size:66
2025-11-27 13:58:32, MOVE, v:1, k:poo@contato, mode:BACK
2025-11-27 14:00:59, MOVE, v:1, k:poo@contato, mode:PICK
2025-11-27 14:01:00, EXEC, v:1, k:poo@contato, mode:FULL, rate:20, size:66
2025-11-27 14:10:00, EXEC, v:1, k:poo@contato, mode:FULL, rate:20, size:67
2025-11-27 14:40:57, MOVE, v:1, k:poo@contato, mode:BACK
2025-11-27 14:40:59, MOVE, v:1, k:poo@contato, mode:PICK
2025-11-27 14:41:00, EXEC, v:1, k:poo@contato, mode:FULL, rate:20, size:66
2025-11-27 14:41:01, MOVE, v:1, k:poo@contato, mode:BACK
