2025-11-26 14:14:00, MOVE, v:1, k:poo@contato, mode:PICK
2025-11-26 14:14:01, EXEC, v:1, k:poo@contato, mode:FULL, rate:0, size:58
2025-11-26 14:14:05, MOVE, v:1, k:poo@contato, mode:BACK
2025-11-26 14:14:34, MOVE, v:1, k:poo@contato, mode:PICK
2025-11-26 14:14:35, EXEC, v:1, k:poo@contato, mode:FULL, rate:20, size:58
2025-11-26 14:15:53, EXEC, v:1, k:poo@contato, mode:FREE
2025-11-26 14:16:33, EXEC, v:1, k:poo@contato, mode:FULL, rate:20
2025-11-26 14:31:53, EXEC, v:1, k:poo@contato, mode:FULL, rate:20, size:65
2025-11-26 14:32:29, EXEC, v:1, k:poo@contato, mode:FULL, rate:0, size:65
2025-11-26 14:32:51, EXEC, v:1, k:poo@contato, mode:FULL, rate:20, size:65
2025-11-26 14:33:30, EXEC, v:1, k:poo@contato, mode:FULL, rate:20, size:63
2025-11-26 14:33:31, EXEC, v:1, k:poo@contato, mode:FULL, rate:20
2025-11-26 14:35:08, EXEC, v:1, k:poo@contato, mode:FULL, rate:0, size:64
2025-11-26 14:36:22, EXEC, v:1, k:poo@contato, mode:FULL, rate:20, size:64
2025-11-26 14:37:28, EXEC, v:1, k:poo@contato, mode:FULL, rate:20, size:64
2025-11-26 14:38:26, MOVE, v:1, k:poo@contato, mode:BACK
2025-11-26 14:43:29, MOVE, v:1, k:poo@agenda, mode:DOWN
2025-11-26 15:02:48, MOVE, v:1, k:poo@contato, mode:PICK
2025-11-26 15:02:49, EXEC, v:1, k:poo@contato, mode:FULL, rate:0, size:66
2025-11-26 15:02:51, EXEC, v:1, k:poo@contato, mode:FULL, rate:0
2025-11-26 15:02:52, MOVE, v:1, k:poo@contato, mode:BACK
2025-11-26 15:02:52, MOVE, v:1, k:poo@contato, mode:PICK
2025-11-26 15:02:54, MOVE, v:1, k:poo@contato, mode:BACK
2025-11-26 15:03:11, MOVE, v:1, k:poo@contato, mode:PICK
2025-11-26 15:03:12, EXEC, v:1, k:poo@contato, mode:FULL, rate:0
2025-11-26 15:13:21, EXEC, v:1, k:poo@contato, mode:FULL, rate:20, size:69
2025-11-26 15:17:16, EXEC, v:1, k:poo@contato, mode:FULL, rate:0, size:66
2025-11-26 15:17:17, EXEC, v:1, k:poo@contato, mode:FULL, rate:0
2025-11-26 15:19:18, EXEC, v:1, k:poo@contato, mode:FREE
2025-11-26 15:19:30, MOVE, v:1, k:poo@contato, mode:BACK
2025-11-26 15:23:11, MOVE, v:1, k:poo@contato, mode:PICK
2025-11-26 15:23:12, EXEC, v:1, k:poo@contato, mode:FULL, rate:20, size:69
2025-11-26 15:23:31, MOVE, v:1, k:poo@contato, mode:BACK
2025-11-26 15:25:00, MOVE, v:1, k:poo@contato, mode:PICK
2025-11-26 15:25:00, EXEC, v:1, k:poo@contato, mode:FULL, rate:0, size:66
2025-11-26 15:25:09, EXEC, v:1, k:poo@contato, mode:FREE
2025-11-26 15:25:14, MOVE, v:1, k:poo@contato, mode:BACK
2025-11-26 15:29:42, MOVE, v:1, k:poo@contato, mode:PICK
2025-11-26 15:29:43, EXEC, v:1, k:poo@contato, mode:FULL, rate:0, size:65
2025-11-26 15:30:09, EXEC, v:1, k:poo@contato, mode:FULL, rate:20, size:65
2025-11-26 15:31:27, EXEC, v:1, k:poo@contato, mode:FULL, rate:0, size:66
2025-11-26 15:31:49, EXEC, v:1, k:poo@contato, mode:FULL, rate:20, size:66
2025-11-26 15:32:01, EXEC, v:1, k:poo@contato, mode:FULL, rate:20
2025-11-26 22:41:32, MOVE, v:1, k:poo@contato, mode:BACK
2025-11-26 22:41:36, MOVE, v:1, k:poo@contato, mode:PICK
2025-11-26 22:41:37, EXEC, v:1, k:poo@contato, mode:FULL, rate:20
2025-11-26 22:41:40, MOVE, v:1, k:poo@contato, mode:BACK
