2025-12-04 01:04:13, EXEC, v:1, k:poo@contato, mode:FULL, rate:100
2025-12-04 00:00:57, MOVE, v:1, k:poo@agenda, mode:PICK
2025-12-04 00:00:58, EXEC, v:1, k:poo@agenda, mode:FULL, rate:37, size:114
2025-12-04 00:02:22, EXEC, v:1, k:poo@agenda, mode:FULL, rate:37
2025-12-04 00:07:15, EXEC, v:1, k:poo@agenda, mode:FULL, rate:62, size:123
2025-12-04 00:07:48, EXEC, v:1, k:poo@agenda, mode:FULL, rate:62
2025-12-04 00:07:48, MOVE, v:1, k:poo@agenda, mode:BACK
2025-12-04 00:18:56, MOVE, v:1, k:poo@agenda, mode:PICK
2025-12-04 00:18:58, EXEC, v:1, k:poo@agenda, mode:FULL, rate:75, size:140
2025-12-04 00:23:02, EXEC, v:1, k:poo@agenda, mode:FULL, rate:87, size:151
2025-12-04 00:23:03, MOVE, v:1, k:poo@agenda, mode:BACK
2025-12-04 00:25:39, MOVE, v:1, k:poo@agenda, mode:PICK
2025-12-04 00:25:41, EXEC, v:1, k:poo@agenda, mode:FULL, rate:100, size:158
2025-12-04 00:25:49, EXEC, v:1, k:poo@agenda, mode:FULL, rate:100
2025-12-04 00:25:50, MOVE, v:1, k:poo@agenda, mode:BACK
2025-12-04 00:26:06, SELF, v:1, k:poo@agenda, rate:100, alone:10
2025-12-04 00:26:07, MOVE, v:1, k:poo@agenda, mode:PICK
2025-12-04 00:26:08, EXEC, v:1, k:poo@agenda, mode:FULL, rate:100
2025-12-04 00:26:09, EXEC, v:1, k:poo@agenda, mode:FULL, rate:100
2025-12-04 00:26:09, MOVE, v:1, k:poo@agenda, mode:BACK
